=== RUN   Test2
09:44:30.269745 [0] listening at [::]:51271
09:44:30.270154 [1] listening at [::]:51272
09:44:30.270388 [2] listening at [::]:51273
09:44:30.270609 [3] listening at [::]:51274
09:44:30.270799 [4] listening at [::]:51275
09:44:30.276486 AT NODE 4: Election timer started: 3.186s, with term=0
09:44:30.276604 AT NODE 2: Election timer started: 5.273s, with term=0
09:44:30.276607 AT NODE 1: Election timer started: 3.653s, with term=0
09:44:30.276609 AT NODE 0: Election timer started: 5.454s, with term=0
09:44:30.276619 AT NODE 3: Election timer started: 3.29s, with term=0
09:44:33.477598 AT NODE 4: became Candidate with term=1;
09:44:33.478014 AT NODE 4: Election timer started: 5.269s, with term=1
09:44:33.478082 AT NODE 4: sending RequestVote to 3: {Term:1 CandidateId:4 LastLogIndex:-1 LastLogTerm:-1 Latency:14}
09:44:33.478166 AT NODE 4: sending RequestVote to 0: {Term:1 CandidateId:4 LastLogIndex:-1 LastLogTerm:-1 Latency:384}
09:44:33.478231 AT NODE 4: sending RequestVote to 2: {Term:1 CandidateId:4 LastLogIndex:-1 LastLogTerm:-1 Latency:399}
09:44:33.478181 AT NODE 4: sending RequestVote to 1: {Term:1 CandidateId:4 LastLogIndex:-1 LastLogTerm:-1 Latency:363}
09:44:33.516533 AT NODE 3: Received Vote Request from NODE 4; Args: {Term:1 CandidateId:4 LastLogIndex:-1 LastLogTerm:-1 Latency:14} [currentTerm=0, votedFor=-1, log index/term=(-1, -1)]
09:44:33.516637 AT NODE 3: became Follower with term=1; log=[]
09:44:33.516762 AT NODE 3: Sending Request Vote Reply: &{Term:1 VoteGranted:true}
09:44:33.516935 AT NODE 3: Election timer started: 5.103s, with term=1
09:44:33.518168 AT NODE 4: received RequestVoteReply from 3: {Term:1 VoteGranted:true}
09:44:33.865529 AT NODE 1: Received Vote Request from NODE 4; Args: {Term:1 CandidateId:4 LastLogIndex:-1 LastLogTerm:-1 Latency:363} [currentTerm=0, votedFor=-1, log index/term=(-1, -1)]
09:44:33.865652 AT NODE 1: became Follower with term=1; log=[]
09:44:33.865862 AT NODE 1: Sending Request Vote Reply: &{Term:1 VoteGranted:true}
09:44:33.866005 AT NODE 1: Election timer started: 3.787s, with term=1
09:44:33.866999 AT NODE 4: received RequestVoteReply from 1: {Term:1 VoteGranted:true}
09:44:33.867058 AT NODE 4: Candidate 4 has won the election by majority
09:44:33.867224 AT NODE 4: became Leader; term=1, nextIndex=map[0:0 1:0 2:0 3:0], matchIndex=map[0:-1 1:-1 2:-1 3:-1]; log=[]
09:44:33.886703 AT NODE 0: Received Vote Request from NODE 4; Args: {Term:1 CandidateId:4 LastLogIndex:-1 LastLogTerm:-1 Latency:384} [currentTerm=0, votedFor=-1, log index/term=(-1, -1)]
09:44:33.886769 AT NODE 0: became Follower with term=1; log=[]
09:44:33.886856 AT NODE 0: Sending Request Vote Reply: &{Term:1 VoteGranted:true}
09:44:33.886941 AT NODE 0: Election timer started: 4.572s, with term=1
09:44:33.887434 AT NODE 4: received RequestVoteReply from 0: {Term:1 VoteGranted:true}
09:44:33.887469 AT NODE 4: State changed from Candidate to Leader
09:44:33.900818 AT NODE 2: Received Vote Request from NODE 4; Args: {Term:1 CandidateId:4 LastLogIndex:-1 LastLogTerm:-1 Latency:399} [currentTerm=0, votedFor=-1, log index/term=(-1, -1)]
09:44:33.900876 AT NODE 2: became Follower with term=1; log=[]
09:44:33.900922 AT NODE 2: Sending Request Vote Reply: &{Term:1 VoteGranted:true}
09:44:33.900981 AT NODE 2: Election timer started: 5.475s, with term=1
09:44:33.901524 AT NODE 4: received RequestVoteReply from 2: {Term:1 VoteGranted:true}
09:44:33.901569 AT NODE 4: State changed from Candidate to Leader
09:44:34.030719 AT NODE 4: ReceiveClientCommand received by Leader: Set X = 5
09:44:34.030860 AT NODE 4: Log=[{Set X = 5 1}]
09:44:34.030928 AT NODE 4: ReceiveClientCommand received by Leader: Set X = 1000
09:44:34.031003 AT NODE 4: Log=[{Set X = 5 1} {Set X = 1000 1}]
09:44:34.867642 AT NODE 4: sending AppendEntries to 2: currentPeer_nextIndex=0, args={Term:1 LeaderId:4 PrevLogIndex:-1 PrevLogTerm:-1 Entries:[{Command:Set X = 5 Term:1} {Command:Set X = 1000 Term:1}] LeaderCommit:-1 Latency:144}
09:44:34.867661 AT NODE 4: sending AppendEntries to 3: currentPeer_nextIndex=0, args={Term:1 LeaderId:4 PrevLogIndex:-1 PrevLogTerm:-1 Entries:[{Command:Set X = 5 Term:1} {Command:Set X = 1000 Term:1}] LeaderCommit:-1 Latency:151}
09:44:34.867683 AT NODE 4: sending AppendEntries to 1: currentPeer_nextIndex=0, args={Term:1 LeaderId:4 PrevLogIndex:-1 PrevLogTerm:-1 Entries:[{Command:Set X = 5 Term:1} {Command:Set X = 1000 Term:1}] LeaderCommit:-1 Latency:222}
09:44:34.867723 AT NODE 4: sending AppendEntries to 0: currentPeer_nextIndex=0, args={Term:1 LeaderId:4 PrevLogIndex:-1 PrevLogTerm:-1 Entries:[{Command:Set X = 5 Term:1} {Command:Set X = 1000 Term:1}] LeaderCommit:-1 Latency:170}
09:44:35.033494 AT NODE 2: Received AppendEntries from NODE 4; args: {Term:1 LeaderId:4 PrevLogIndex:-1 PrevLogTerm:-1 Entries:[{Command:Set X = 5 Term:1} {Command:Set X = 1000 Term:1}] LeaderCommit:-1 Latency:144}
09:44:35.033590 AT NODE 2: Log is now: [{Set X = 5 1} {Set X = 1000 1}]
09:44:35.033637 AT NODE 2: Sending AppendEntries reply: {Term:1 Success:true}
09:44:35.033956 AT NODE 4: AppendEntries reply from NODE 2 success: nextIndex := map[0:0 1:0 2:2 3:0], matchIndex := map[0:-1 1:-1 2:-1 3:-1]
09:44:35.040167 AT NODE 3: Received AppendEntries from NODE 4; args: {Term:1 LeaderId:4 PrevLogIndex:-1 PrevLogTerm:-1 Entries:[{Command:Set X = 5 Term:1} {Command:Set X = 1000 Term:1}] LeaderCommit:-1 Latency:151}
09:44:35.040233 AT NODE 3: Log is now: [{Set X = 5 1} {Set X = 1000 1}]
09:44:35.040271 AT NODE 3: Sending AppendEntries reply: {Term:1 Success:true}
09:44:35.040548 AT NODE 4: AppendEntries reply from NODE 3 success: nextIndex := map[0:0 1:0 2:2 3:2], matchIndex := map[0:-1 1:-1 2:-1 3:-1]
09:44:35.059612 AT NODE 0: Received AppendEntries from NODE 4; args: {Term:1 LeaderId:4 PrevLogIndex:-1 PrevLogTerm:-1 Entries:[{Command:Set X = 5 Term:1} {Command:Set X = 1000 Term:1}] LeaderCommit:-1 Latency:170}
09:44:35.059729 AT NODE 0: Log is now: [{Set X = 5 1} {Set X = 1000 1}]
09:44:35.059810 AT NODE 0: Sending AppendEntries reply: {Term:1 Success:true}
09:44:35.060305 AT NODE 4: AppendEntries reply from NODE 0 success: nextIndex := map[0:2 1:0 2:2 3:2], matchIndex := map[0:-1 1:-1 2:-1 3:-1]
09:44:35.110872 AT NODE 1: Received AppendEntries from NODE 4; args: {Term:1 LeaderId:4 PrevLogIndex:-1 PrevLogTerm:-1 Entries:[{Command:Set X = 5 Term:1} {Command:Set X = 1000 Term:1}] LeaderCommit:-1 Latency:222}
09:44:35.111020 AT NODE 1: Log is now: [{Set X = 5 1} {Set X = 1000 1}]
09:44:35.111103 AT NODE 1: Sending AppendEntries reply: {Term:1 Success:true}
09:44:35.111631 AT NODE 4: AppendEntries reply from NODE 1 success: nextIndex := map[0:2 1:2 2:2 3:2], matchIndex := map[0:-1 1:-1 2:-1 3:-1]
09:44:36.220429 AT NODE 4: leader sets commitIndex := 1
09:44:37.031401 [ACTION] Disconnecting 4
09:44:41.066820 AT NODE 1: became Candidate with term=2;
09:44:41.067118 AT NODE 1: sending RequestVote to 2: {Term:2 CandidateId:1 LastLogIndex:1 LastLogTerm:1 Latency:98}
09:44:41.067193 AT NODE 1: Election timer started: 4.945s, with term=2
09:44:41.067118 AT NODE 1: sending RequestVote to 4: {Term:2 CandidateId:1 LastLogIndex:1 LastLogTerm:1 Latency:45}
09:44:41.067120 AT NODE 1: sending RequestVote to 3: {Term:2 CandidateId:1 LastLogIndex:1 LastLogTerm:1 Latency:167}
09:44:41.067148 AT NODE 1: sending RequestVote to 0: {Term:2 CandidateId:1 LastLogIndex:1 LastLogTerm:1 Latency:178}
09:44:41.187574 AT NODE 2: Received Vote Request from NODE 1; Args: {Term:2 CandidateId:1 LastLogIndex:1 LastLogTerm:1 Latency:98} [currentTerm=1, votedFor=4, log index/term=(1, 1)]
09:44:41.187808 AT NODE 2: became Follower with term=2; log=[{Set X = 5 1} {Set X = 1000 1}]
09:44:41.187919 AT NODE 2: Sending Request Vote Reply: &{Term:2 VoteGranted:true}
09:44:41.188081 AT NODE 2: Election timer started: 4.913s, with term=2
09:44:41.189067 AT NODE 1: received RequestVoteReply from 2: {Term:2 VoteGranted:true}
09:44:41.256620 AT NODE 3: Received Vote Request from NODE 1; Args: {Term:2 CandidateId:1 LastLogIndex:1 LastLogTerm:1 Latency:167} [currentTerm=1, votedFor=4, log index/term=(1, 1)]
09:44:41.256826 AT NODE 3: became Follower with term=2; log=[{Set X = 5 1} {Set X = 1000 1}]
09:44:41.256947 AT NODE 3: Sending Request Vote Reply: &{Term:2 VoteGranted:true}
09:44:41.257260 AT NODE 3: Election timer started: 5.395s, with term=2
09:44:41.258217 AT NODE 1: received RequestVoteReply from 3: {Term:2 VoteGranted:true}
09:44:41.258273 AT NODE 1: Candidate 1 has won the election by majority
09:44:41.258475 AT NODE 1: became Leader; term=2, nextIndex=map[0:2 2:2 3:2 4:2], matchIndex=map[0:-1 2:-1 3:-1 4:-1]; log=[{Set X = 5 1} {Set X = 1000 1}]
09:44:41.267604 AT NODE 0: Received Vote Request from NODE 1; Args: {Term:2 CandidateId:1 LastLogIndex:1 LastLogTerm:1 Latency:178} [currentTerm=1, votedFor=4, log index/term=(1, 1)]
09:44:41.267777 AT NODE 0: became Follower with term=2; log=[{Set X = 5 1} {Set X = 1000 1}]
09:44:41.267861 AT NODE 0: Sending Request Vote Reply: &{Term:2 VoteGranted:true}
09:44:41.267986 AT NODE 0: Election timer started: 3.49s, with term=2
09:44:41.268831 AT NODE 1: received RequestVoteReply from 0: {Term:2 VoteGranted:true}
09:44:41.268895 AT NODE 1: State changed from Candidate to Leader
09:44:41.535874 AT NODE 1: ReceiveClientCommand received by Leader: Set X = X+10
09:44:41.536086 AT NODE 1: Log=[{Set X = 5 1} {Set X = 1000 1} {Set X = X+10 2}]
09:44:41.536143 AT NODE 1: ReceiveClientCommand received by Leader: Set X = X+1
09:44:41.536238 AT NODE 1: Log=[{Set X = 5 1} {Set X = 1000 1} {Set X = X+10 2} {Set X = X+1 2}]
09:44:41.536294 AT NODE 1: ReceiveClientCommand received by Leader: Set Y = 5
09:44:41.536416 AT NODE 1: Log=[{Set X = 5 1} {Set X = 1000 1} {Set X = X+10 2} {Set X = X+1 2} {Set Y = 5 2}]
09:44:41.536466 AT NODE 1: ReceiveClientCommand received by Leader: Set Y = X+Y
09:44:41.536573 AT NODE 1: Log=[{Set X = 5 1} {Set X = 1000 1} {Set X = X+10 2} {Set X = X+1 2} {Set Y = 5 2} {Set Y = X+Y 2}]
09:44:41.536629 AT NODE 1: ReceiveClientCommand received by Leader: Set Y = Y+3
09:44:41.536744 AT NODE 1: Log=[{Set X = 5 1} {Set X = 1000 1} {Set X = X+10 2} {Set X = X+1 2} {Set Y = 5 2} {Set Y = X+Y 2} {Set Y = Y+3 2}]
09:44:41.536809 AT NODE 1: ReceiveClientCommand received by Leader: Set Z = -1
09:44:41.536950 AT NODE 1: Log=[{Set X = 5 1} {Set X = 1000 1} {Set X = X+10 2} {Set X = X+1 2} {Set Y = 5 2} {Set Y = X+Y 2} {Set Y = Y+3 2} {Set Z = -1 2}]
09:44:42.258931 AT NODE 1: sending AppendEntries to 3: currentPeer_nextIndex=2, args={Term:2 LeaderId:1 PrevLogIndex:1 PrevLogTerm:1 Entries:[{Command:Set X = X+10 Term:2} {Command:Set X = X+1 Term:2} {Command:Set Y = 5 Term:2} {Command:Set Y = X+Y Term:2} {Command:Set Y = Y+3 Term:2} {Command:Set Z = -1 Term:2}] LeaderCommit:1 Latency:76}
09:44:42.258976 AT NODE 1: sending AppendEntries to 2: currentPeer_nextIndex=2, args={Term:2 LeaderId:1 PrevLogIndex:1 PrevLogTerm:1 Entries:[{Command:Set X = X+10 Term:2} {Command:Set X = X+1 Term:2} {Command:Set Y = 5 Term:2} {Command:Set Y = X+Y Term:2} {Command:Set Y = Y+3 Term:2} {Command:Set Z = -1 Term:2}] LeaderCommit:1 Latency:33}
09:44:42.259019 AT NODE 1: sending AppendEntries to 0: currentPeer_nextIndex=2, args={Term:2 LeaderId:1 PrevLogIndex:1 PrevLogTerm:1 Entries:[{Command:Set X = X+10 Term:2} {Command:Set X = X+1 Term:2} {Command:Set Y = 5 Term:2} {Command:Set Y = X+Y Term:2} {Command:Set Y = Y+3 Term:2} {Command:Set Z = -1 Term:2}] LeaderCommit:1 Latency:173}
09:44:42.259053 AT NODE 1: sending AppendEntries to 4: currentPeer_nextIndex=2, args={Term:2 LeaderId:1 PrevLogIndex:1 PrevLogTerm:1 Entries:[{Command:Set X = X+10 Term:2} {Command:Set X = X+1 Term:2} {Command:Set Y = 5 Term:2} {Command:Set Y = X+Y Term:2} {Command:Set Y = Y+3 Term:2} {Command:Set Z = -1 Term:2}] LeaderCommit:1 Latency:80}
09:44:42.314620 AT NODE 2: Received AppendEntries from NODE 1; args: {Term:2 LeaderId:1 PrevLogIndex:1 PrevLogTerm:1 Entries:[{Command:Set X = X+10 Term:2} {Command:Set X = X+1 Term:2} {Command:Set Y = 5 Term:2} {Command:Set Y = X+Y Term:2} {Command:Set Y = Y+3 Term:2} {Command:Set Z = -1 Term:2}] LeaderCommit:1 Latency:33}
09:44:42.314856 AT NODE 2: Log is now: [{Set X = 5 1} {Set X = 1000 1} {Set X = X+10 2} {Set X = X+1 2} {Set Y = 5 2} {Set Y = X+Y 2} {Set Y = Y+3 2} {Set Z = -1 2}]
09:44:42.314979 AT NODE 2: Sending AppendEntries reply: {Term:2 Success:true}
09:44:42.315500 AT NODE 1: AppendEntries reply from NODE 2 success: nextIndex := map[0:2 2:8 3:2 4:2], matchIndex := map[0:1 2:1 3:1 4:-1]
09:44:42.357105 AT NODE 3: Received AppendEntries from NODE 1; args: {Term:2 LeaderId:1 PrevLogIndex:1 PrevLogTerm:1 Entries:[{Command:Set X = X+10 Term:2} {Command:Set X = X+1 Term:2} {Command:Set Y = 5 Term:2} {Command:Set Y = X+Y Term:2} {Command:Set Y = Y+3 Term:2} {Command:Set Z = -1 Term:2}] LeaderCommit:1 Latency:76}
09:44:42.357287 AT NODE 3: Log is now: [{Set X = 5 1} {Set X = 1000 1} {Set X = X+10 2} {Set X = X+1 2} {Set Y = 5 2} {Set Y = X+Y 2} {Set Y = Y+3 2} {Set Z = -1 2}]
09:44:42.357355 AT NODE 3: Sending AppendEntries reply: {Term:2 Success:true}
09:44:42.357821 AT NODE 1: AppendEntries reply from NODE 3 success: nextIndex := map[0:2 2:8 3:8 4:2], matchIndex := map[0:1 2:1 3:1 4:-1]
09:44:42.454294 AT NODE 0: Received AppendEntries from NODE 1; args: {Term:2 LeaderId:1 PrevLogIndex:1 PrevLogTerm:1 Entries:[{Command:Set X = X+10 Term:2} {Command:Set X = X+1 Term:2} {Command:Set Y = 5 Term:2} {Command:Set Y = X+Y Term:2} {Command:Set Y = Y+3 Term:2} {Command:Set Z = -1 Term:2}] LeaderCommit:1 Latency:173}
09:44:42.454522 AT NODE 0: Log is now: [{Set X = 5 1} {Set X = 1000 1} {Set X = X+10 2} {Set X = X+1 2} {Set Y = 5 2} {Set Y = X+Y 2} {Set Y = Y+3 2} {Set Z = -1 2}]
09:44:42.454601 AT NODE 0: Sending AppendEntries reply: {Term:2 Success:true}
09:44:42.455162 AT NODE 1: AppendEntries reply from NODE 0 success: nextIndex := map[0:8 2:8 3:8 4:2], matchIndex := map[0:1 2:1 3:1 4:-1]
09:44:43.258818 AT NODE 1: sending AppendEntries to 4: currentPeer_nextIndex=2, args={Term:2 LeaderId:1 PrevLogIndex:1 PrevLogTerm:1 Entries:[{Command:Set X = X+10 Term:2} {Command:Set X = X+1 Term:2} {Command:Set Y = 5 Term:2} {Command:Set Y = X+Y Term:2} {Command:Set Y = Y+3 Term:2} {Command:Set Z = -1 Term:2}] LeaderCommit:1 Latency:279}
09:44:43.648425 AT NODE 1: leader sets commitIndex := 7
09:44:44.258629 AT NODE 1: sending AppendEntries to 4: currentPeer_nextIndex=2, args={Term:2 LeaderId:1 PrevLogIndex:1 PrevLogTerm:1 Entries:[{Command:Set X = X+10 Term:2} {Command:Set X = X+1 Term:2} {Command:Set Y = 5 Term:2} {Command:Set Y = X+Y Term:2} {Command:Set Y = Y+3 Term:2} {Command:Set Z = -1 Term:2}] LeaderCommit:7 Latency:221}
09:44:44.537092 AT NODE 1: ReceiveClientCommand received by Leader: Set Z = 3
09:44:44.537278 AT NODE 1: Log=[{Set X = 5 1} {Set X = 1000 1} {Set X = X+10 2} {Set X = X+1 2} {Set Y = 5 2} {Set Y = X+Y 2} {Set Y = Y+3 2} {Set Z = -1 2} {Set Z = 3 2}]
09:44:45.258508 AT NODE 1: sending AppendEntries to 3: currentPeer_nextIndex=8, args={Term:2 LeaderId:1 PrevLogIndex:7 PrevLogTerm:2 Entries:[{Command:Set Z = 3 Term:2}] LeaderCommit:7 Latency:160}
09:44:45.258565 AT NODE 1: sending AppendEntries to 4: currentPeer_nextIndex=2, args={Term:2 LeaderId:1 PrevLogIndex:1 PrevLogTerm:1 Entries:[{Command:Set X = X+10 Term:2} {Command:Set X = X+1 Term:2} {Command:Set Y = 5 Term:2} {Command:Set Y = X+Y Term:2} {Command:Set Y = Y+3 Term:2} {Command:Set Z = -1 Term:2} {Command:Set Z = 3 Term:2}] LeaderCommit:7 Latency:387}
09:44:45.258515 AT NODE 1: sending AppendEntries to 2: currentPeer_nextIndex=8, args={Term:2 LeaderId:1 PrevLogIndex:7 PrevLogTerm:2 Entries:[{Command:Set Z = 3 Term:2}] LeaderCommit:7 Latency:293}
09:44:45.258583 AT NODE 1: sending AppendEntries to 0: currentPeer_nextIndex=8, args={Term:2 LeaderId:1 PrevLogIndex:7 PrevLogTerm:2 Entries:[{Command:Set Z = 3 Term:2}] LeaderCommit:7 Latency:75}
09:44:45.355271 AT NODE 0: Received AppendEntries from NODE 1; args: {Term:2 LeaderId:1 PrevLogIndex:7 PrevLogTerm:2 Entries:[{Command:Set Z = 3 Term:2}] LeaderCommit:7 Latency:75}
09:44:45.355511 AT NODE 0: Log is now: [{Set X = 5 1} {Set X = 1000 1} {Set X = X+10 2} {Set X = X+1 2} {Set Y = 5 2} {Set Y = X+Y 2} {Set Y = Y+3 2} {Set Z = -1 2} {Set Z = 3 2}]
09:44:45.355592 AT NODE 0: Sending AppendEntries reply: {Term:2 Success:true}
09:44:45.356095 AT NODE 1: AppendEntries reply from NODE 0 success: nextIndex := map[0:9 2:8 3:8 4:2], matchIndex := map[0:7 2:7 3:7 4:-1]
09:44:45.440133 AT NODE 3: Received AppendEntries from NODE 1; args: {Term:2 LeaderId:1 PrevLogIndex:7 PrevLogTerm:2 Entries:[{Command:Set Z = 3 Term:2}] LeaderCommit:7 Latency:160}
09:44:45.440384 AT NODE 3: Log is now: [{Set X = 5 1} {Set X = 1000 1} {Set X = X+10 2} {Set X = X+1 2} {Set Y = 5 2} {Set Y = X+Y 2} {Set Y = Y+3 2} {Set Z = -1 2} {Set Z = 3 2}]
09:44:45.440467 AT NODE 3: Sending AppendEntries reply: {Term:2 Success:true}
09:44:45.440951 AT NODE 1: AppendEntries reply from NODE 3 success: nextIndex := map[0:9 2:8 3:9 4:2], matchIndex := map[0:7 2:7 3:7 4:-1]
09:44:45.573158 AT NODE 2: Received AppendEntries from NODE 1; args: {Term:2 LeaderId:1 PrevLogIndex:7 PrevLogTerm:2 Entries:[{Command:Set Z = 3 Term:2}] LeaderCommit:7 Latency:293}
09:44:45.573294 AT NODE 2: Log is now: [{Set X = 5 1} {Set X = 1000 1} {Set X = X+10 2} {Set X = X+1 2} {Set Y = 5 2} {Set Y = X+Y 2} {Set Y = Y+3 2} {Set Z = -1 2} {Set Z = 3 2}]
09:44:45.573337 AT NODE 2: Sending AppendEntries reply: {Term:2 Success:true}
09:44:45.573670 AT NODE 1: AppendEntries reply from NODE 2 success: nextIndex := map[0:9 2:9 3:9 4:2], matchIndex := map[0:7 2:7 3:7 4:-1]
09:44:46.258614 AT NODE 1: sending AppendEntries to 4: currentPeer_nextIndex=2, args={Term:2 LeaderId:1 PrevLogIndex:1 PrevLogTerm:1 Entries:[{Command:Set X = X+10 Term:2} {Command:Set X = X+1 Term:2} {Command:Set Y = 5 Term:2} {Command:Set Y = X+Y Term:2} {Command:Set Y = Y+3 Term:2} {Command:Set Z = -1 Term:2} {Command:Set Z = 3 Term:2}] LeaderCommit:7 Latency:67}
09:44:46.610130 AT NODE 1: leader sets commitIndex := 8
09:44:47.258555 AT NODE 1: sending AppendEntries to 4: currentPeer_nextIndex=2, args={Term:2 LeaderId:1 PrevLogIndex:1 PrevLogTerm:1 Entries:[{Command:Set X = X+10 Term:2} {Command:Set X = X+1 Term:2} {Command:Set Y = 5 Term:2} {Command:Set Y = X+Y Term:2} {Command:Set Y = Y+3 Term:2} {Command:Set Z = -1 Term:2} {Command:Set Z = 3 Term:2}] LeaderCommit:8 Latency:130}
09:44:47.538232 [ACTION] Reconnecting 4
09:44:47.867857 AT NODE 4: sending AppendEntries to 3: currentPeer_nextIndex=2, args={Term:1 LeaderId:4 PrevLogIndex:1 PrevLogTerm:1 Entries:[{Command:Set X = X-5 Term:1}] LeaderCommit:1 Latency:94}
09:44:47.867857 AT NODE 4: sending AppendEntries to 0: currentPeer_nextIndex=2, args={Term:1 LeaderId:4 PrevLogIndex:1 PrevLogTerm:1 Entries:[{Command:Set X = X-5 Term:1}] LeaderCommit:1 Latency:57}
09:44:47.867857 AT NODE 4: sending AppendEntries to 2: currentPeer_nextIndex=2, args={Term:1 LeaderId:4 PrevLogIndex:1 PrevLogTerm:1 Entries:[{Command:Set X = X-5 Term:1}] LeaderCommit:1 Latency:133}
09:44:47.867907 AT NODE 4: sending AppendEntries to 1: currentPeer_nextIndex=2, args={Term:1 LeaderId:4 PrevLogIndex:1 PrevLogTerm:1 Entries:[{Command:Set X = X-5 Term:1}] LeaderCommit:1 Latency:388}
09:44:47.947439 AT NODE 0: Received AppendEntries from NODE 4; args: {Term:1 LeaderId:4 PrevLogIndex:1 PrevLogTerm:1 Entries:[{Command:Set X = X-5 Term:1}] LeaderCommit:1 Latency:57}
09:44:47.947532 AT NODE 0: Sending AppendEntries reply: {Term:2 Success:false}
09:44:47.948129 AT NODE 4: became Follower with term=2; log=[{Set X = 5 1} {Set X = 1000 1} {Set X = X-5 1}]
09:44:47.948211 AT NODE 4: Election timer started: 3.673s, with term=2
09:44:47.984232 AT NODE 3: Received AppendEntries from NODE 4; args: {Term:1 LeaderId:4 PrevLogIndex:1 PrevLogTerm:1 Entries:[{Command:Set X = X-5 Term:1}] LeaderCommit:1 Latency:94}
09:44:47.984342 AT NODE 3: Sending AppendEntries reply: {Term:2 Success:false}
09:44:48.023900 AT NODE 2: Received AppendEntries from NODE 4; args: {Term:1 LeaderId:4 PrevLogIndex:1 PrevLogTerm:1 Entries:[{Command:Set X = X-5 Term:1}] LeaderCommit:1 Latency:133}
09:44:48.024035 AT NODE 2: Sending AppendEntries reply: {Term:2 Success:false}
09:44:48.258608 AT NODE 1: sending AppendEntries to 4: currentPeer_nextIndex=2, args={Term:2 LeaderId:1 PrevLogIndex:1 PrevLogTerm:1 Entries:[{Command:Set X = X+10 Term:2} {Command:Set X = X+1 Term:2} {Command:Set Y = 5 Term:2} {Command:Set Y = X+Y Term:2} {Command:Set Y = Y+3 Term:2} {Command:Set Z = -1 Term:2} {Command:Set Z = 3 Term:2}] LeaderCommit:8 Latency:244}
09:44:48.278297 AT NODE 1: Received AppendEntries from NODE 4; args: {Term:1 LeaderId:4 PrevLogIndex:1 PrevLogTerm:1 Entries:[{Command:Set X = X-5 Term:1}] LeaderCommit:1 Latency:388}
09:44:48.278438 AT NODE 1: Sending AppendEntries reply: {Term:2 Success:false}
09:44:48.524914 AT NODE 4: Received AppendEntries from NODE 1; args: {Term:2 LeaderId:1 PrevLogIndex:1 PrevLogTerm:1 Entries:[{Command:Set X = X+10 Term:2} {Command:Set X = X+1 Term:2} {Command:Set Y = 5 Term:2} {Command:Set Y = X+Y Term:2} {Command:Set Y = Y+3 Term:2} {Command:Set Z = -1 Term:2} {Command:Set Z = 3 Term:2}] LeaderCommit:8 Latency:244}
09:44:48.525074 AT NODE 4: Log is now: [{Set X = 5 1} {Set X = 1000 1} {Set X = X+10 2} {Set X = X+1 2} {Set Y = 5 2} {Set Y = X+Y 2} {Set Y = Y+3 2} {Set Z = -1 2} {Set Z = 3 2}]
09:44:48.525127 AT NODE 4: Sending AppendEntries reply: {Term:2 Success:true}
09:44:48.525868 AT NODE 1: AppendEntries reply from NODE 4 success: nextIndex := map[0:9 2:9 3:9 4:9], matchIndex := map[0:8 2:8 3:8 4:8]
09:44:50.542467 AT NODE 0: KILLED
09:44:50.542631 AT NODE 0: applyCommitedLogEntries done
09:44:50.712226 AT NODE 1: KILLED
09:44:50.712405 AT NODE 1: applyCommitedLogEntries done
09:44:50.712465 AT NODE 2: KILLED
09:44:50.712633 AT NODE 3: KILLED
09:44:50.712634 AT NODE 2: applyCommitedLogEntries done
09:44:50.712755 AT NODE 4: KILLED
09:44:50.712785 AT NODE 3: applyCommitedLogEntries done
09:44:50.712819 AT NODE 4: applyCommitedLogEntries done
--- PASS: Test2 (20.45s)
PASS
ok  	RaftLogReplication	20.897s
